D:\DOCUMENTS\VISUAL STUDIO 2012\PROJECTS\GRAPHICSROBOT\GRAPHICSROBOT\DEBUG\GRAPHICSROBOT.OBJ
D:\DOCUMENTS\VISUAL STUDIO 2012\PROJECTS\GRAPHICSROBOT\GRAPHICSROBOT\DEBUG\STDAFX.OBJ
D:\DOCUMENTS\VISUAL STUDIO 2012\PROJECTS\GRAPHICSROBOT\GRAPHICSROBOT\DEBUG\VC110.PDB
D:\DOCUMENTS\VISUAL STUDIO 2012\PROJECTS\GRAPHICSROBOT\GRAPHICSROBOT\DEBUG\ROBOT.OBJ
D:\DOCUMENTS\VISUAL STUDIO 2012\PROJECTS\GRAPHICSROBOT\GRAPHICSROBOT\DEBUG\ROBOTPART.OBJ
D:\DOCUMENTS\VISUAL STUDIO 2012\PROJECTS\GRAPHICSROBOT\DEBUG\GRAPHICSROBOT.ILK
D:\DOCUMENTS\VISUAL STUDIO 2012\PROJECTS\GRAPHICSROBOT\DEBUG\GRAPHICSROBOT.EXE
D:\DOCUMENTS\VISUAL STUDIO 2012\PROJECTS\GRAPHICSROBOT\DEBUG\GRAPHICSROBOT.PDB
d:\Documents\Visual Studio 2012\Projects\Graphicsrobot\Graphicsrobot\Debug\Graphicsrobot.obj
d:\Documents\Visual Studio 2012\Projects\Graphicsrobot\Graphicsrobot\Debug\Robot.obj
d:\Documents\Visual Studio 2012\Projects\Graphicsrobot\Graphicsrobot\Debug\RobotPart.obj
d:\Documents\Visual Studio 2012\Projects\Graphicsrobot\Graphicsrobot\Debug\stdafx.obj
d:\Documents\Visual Studio 2012\Projects\Graphicsrobot\Graphicsrobot\Debug\cl.command.1.tlog
d:\Documents\Visual Studio 2012\Projects\Graphicsrobot\Graphicsrobot\Debug\CL.read.1.tlog
d:\Documents\Visual Studio 2012\Projects\Graphicsrobot\Graphicsrobot\Debug\CL.write.1.tlog
d:\Documents\Visual Studio 2012\Projects\Graphicsrobot\Graphicsrobot\Debug\link-cvtres.read.1.tlog
d:\Documents\Visual Studio 2012\Projects\Graphicsrobot\Graphicsrobot\Debug\link-cvtres.write.1.tlog
d:\Documents\Visual Studio 2012\Projects\Graphicsrobot\Graphicsrobot\Debug\link-rc.read.1.tlog
d:\Documents\Visual Studio 2012\Projects\Graphicsrobot\Graphicsrobot\Debug\link-rc.write.1.tlog
d:\Documents\Visual Studio 2012\Projects\Graphicsrobot\Graphicsrobot\Debug\link.1956-cvtres.read.1.tlog
d:\Documents\Visual Studio 2012\Projects\Graphicsrobot\Graphicsrobot\Debug\link.1956-cvtres.write.1.tlog
d:\Documents\Visual Studio 2012\Projects\Graphicsrobot\Graphicsrobot\Debug\link.1956-rc.read.1.tlog
d:\Documents\Visual Studio 2012\Projects\Graphicsrobot\Graphicsrobot\Debug\link.1956-rc.write.1.tlog
d:\Documents\Visual Studio 2012\Projects\Graphicsrobot\Graphicsrobot\Debug\link.1956.read.1.tlog
d:\Documents\Visual Studio 2012\Projects\Graphicsrobot\Graphicsrobot\Debug\link.1956.write.1.tlog
d:\Documents\Visual Studio 2012\Projects\Graphicsrobot\Graphicsrobot\Debug\link.2908-cvtres.read.1.tlog
d:\Documents\Visual Studio 2012\Projects\Graphicsrobot\Graphicsrobot\Debug\link.2908-cvtres.write.1.tlog
d:\Documents\Visual Studio 2012\Projects\Graphicsrobot\Graphicsrobot\Debug\link.2908-rc.read.1.tlog
d:\Documents\Visual Studio 2012\Projects\Graphicsrobot\Graphicsrobot\Debug\link.2908-rc.write.1.tlog
d:\Documents\Visual Studio 2012\Projects\Graphicsrobot\Graphicsrobot\Debug\link.2908.read.1.tlog
d:\Documents\Visual Studio 2012\Projects\Graphicsrobot\Graphicsrobot\Debug\link.2908.write.1.tlog
d:\Documents\Visual Studio 2012\Projects\Graphicsrobot\Graphicsrobot\Debug\link.2972-cvtres.read.1.tlog
d:\Documents\Visual Studio 2012\Projects\Graphicsrobot\Graphicsrobot\Debug\link.2972-cvtres.write.1.tlog
d:\Documents\Visual Studio 2012\Projects\Graphicsrobot\Graphicsrobot\Debug\link.2972-rc.read.1.tlog
d:\Documents\Visual Studio 2012\Projects\Graphicsrobot\Graphicsrobot\Debug\link.2972-rc.write.1.tlog
d:\Documents\Visual Studio 2012\Projects\Graphicsrobot\Graphicsrobot\Debug\link.2972.read.1.tlog
d:\Documents\Visual Studio 2012\Projects\Graphicsrobot\Graphicsrobot\Debug\link.2972.write.1.tlog
d:\Documents\Visual Studio 2012\Projects\Graphicsrobot\Graphicsrobot\Debug\link.5032-cvtres.read.1.tlog
d:\Documents\Visual Studio 2012\Projects\Graphicsrobot\Graphicsrobot\Debug\link.5032-cvtres.write.1.tlog
d:\Documents\Visual Studio 2012\Projects\Graphicsrobot\Graphicsrobot\Debug\link.5032-rc.read.1.tlog
d:\Documents\Visual Studio 2012\Projects\Graphicsrobot\Graphicsrobot\Debug\link.5032-rc.write.1.tlog
d:\Documents\Visual Studio 2012\Projects\Graphicsrobot\Graphicsrobot\Debug\link.5032.read.1.tlog
d:\Documents\Visual Studio 2012\Projects\Graphicsrobot\Graphicsrobot\Debug\link.5032.write.1.tlog
d:\Documents\Visual Studio 2012\Projects\Graphicsrobot\Graphicsrobot\Debug\link.5172-cvtres.read.1.tlog
d:\Documents\Visual Studio 2012\Projects\Graphicsrobot\Graphicsrobot\Debug\link.5172-cvtres.write.1.tlog
d:\Documents\Visual Studio 2012\Projects\Graphicsrobot\Graphicsrobot\Debug\link.5172-rc.read.1.tlog
d:\Documents\Visual Studio 2012\Projects\Graphicsrobot\Graphicsrobot\Debug\link.5172-rc.write.1.tlog
d:\Documents\Visual Studio 2012\Projects\Graphicsrobot\Graphicsrobot\Debug\link.5172.read.1.tlog
d:\Documents\Visual Studio 2012\Projects\Graphicsrobot\Graphicsrobot\Debug\link.5172.write.1.tlog
d:\Documents\Visual Studio 2012\Projects\Graphicsrobot\Graphicsrobot\Debug\link.5292-cvtres.read.1.tlog
d:\Documents\Visual Studio 2012\Projects\Graphicsrobot\Graphicsrobot\Debug\link.5292-cvtres.write.1.tlog
d:\Documents\Visual Studio 2012\Projects\Graphicsrobot\Graphicsrobot\Debug\link.5292-rc.read.1.tlog
d:\Documents\Visual Studio 2012\Projects\Graphicsrobot\Graphicsrobot\Debug\link.5292-rc.write.1.tlog
d:\Documents\Visual Studio 2012\Projects\Graphicsrobot\Graphicsrobot\Debug\link.5292.read.1.tlog
d:\Documents\Visual Studio 2012\Projects\Graphicsrobot\Graphicsrobot\Debug\link.5292.write.1.tlog
d:\Documents\Visual Studio 2012\Projects\Graphicsrobot\Graphicsrobot\Debug\link.command.1.tlog
d:\Documents\Visual Studio 2012\Projects\Graphicsrobot\Graphicsrobot\Debug\link.read.1.tlog
d:\Documents\Visual Studio 2012\Projects\Graphicsrobot\Graphicsrobot\Debug\link.write.1.tlog
d:\Documents\Visual Studio 2012\Projects\Graphicsrobot\Graphicsrobot\Debug\vc110.idb
d:\Documents\Visual Studio 2012\Projects\Graphicsrobot\Graphicsrobot\Debug\vc110.pdb
d:\Documents\Visual Studio 2012\Projects\Graphicsrobot\Debug\Graphicsrobot.pdb
d:\Documents\Visual Studio 2012\Projects\Graphicsrobot\Debug\Graphicsrobot.exe
d:\Documents\Visual Studio 2012\Projects\Graphicsrobot\Debug\Graphicsrobot.ilk
